0 info it worked if it ends with ok
1 verbose cli [ 'd:\\Arquivos e Programas\\Programas\\nodejs\\node.exe',
1 verbose cli   'd:\\Arquivos e Programas\\Programas\\nodejs\\node_modules\\npm\\bin\\npm-cli.js',
1 verbose cli   'start' ]
2 info using npm@3.10.10
3 info using node@v7.3.0
4 verbose run-script [ 'prestart', 'start', 'poststart' ]
5 info lifecycle modelo-melhoria-node@1.0.0~prestart: modelo-melhoria-node@1.0.0
6 silly lifecycle modelo-melhoria-node@1.0.0~prestart: no script for prestart, continuing
7 info lifecycle modelo-melhoria-node@1.0.0~start: modelo-melhoria-node@1.0.0
8 verbose lifecycle modelo-melhoria-node@1.0.0~start: unsafe-perm in lifecycle true
9 verbose lifecycle modelo-melhoria-node@1.0.0~start: PATH: d:\Arquivos e Programas\Programas\nodejs\node_modules\npm\bin\node-gyp-bin;C:\Users\Vinicius\Documents\Repositorio\modelo-melhoria-node\node_modules\.bin;c:\cmder\bin;c:\cmder\vendor\conemu-maximus5\ConEmu\Scripts;c:\cmder\vendor\conemu-maximus5;c:\cmder\vendor\conemu-maximus5\ConEmu;c:\Program Files\Docker\Docker\Resources\bin;c:\Program Files\Microsoft MPI\Bin\;c:\ProgramData\Oracle\Java\javapath;c:\Windows\system32;c:\Windows;c:\Windows\System32\Wbem;c:\Windows\System32\WindowsPowerShell\v1.0\;c:\Users\Vinicius\.dnx\bin;c:\Program Files\Microsoft DNX\Dnvm\;c:\Program Files\Microsoft SQL Server\130\Tools\Binn\;d:\Arquivos e Programas\Programas\Git\cmd;c:\Program Files (x86)\Microsoft SQL Server\130\Tools\Binn\;c:\Program Files (x86)\Microsoft SQL Server\130\DTS\Binn\;c:\Program Files\Microsoft SQL Server\130\DTS\Binn\;c:\Program Files\Microsoft SQL Server\Client SDK\ODBC\130\Tools\Binn\;c:\Program Files (x86)\Microsoft SQL Server\Client SDK\ODBC\130\Tools\Binn\;c:\Program Files (x86)\Microsoft SQL Server\130\Tools\Binn\ManagementStudio\;c:\apache-ant-1.9.7\bin;c:\Program Files (x86)\NVIDIA Corporation\PhysX\Common;c:\Users\Vinicius\AppData\Local\Android\android-sdk\platform-tools;c:\Users\Vinicius\AppData\Local\Android\android-sdk\build-tools;c:\Users\Vinicius\AppData\Local\Android\android-sdk\tools;d:\Arquivos e Programas\Programas\nodejs\;c:\Program Files\erl8.0\bin;c:\Program Files (x86)\Elixir\bin;c:\Windows\system32\config\systemprofile\.mix\escripts;c:\Program Files (x86)\PuTTY\;c:\Program Files\Boot2Docker for Windows\Git\bin;c:\Program Files (x86)\Skype\Phone\;d:\Arquivos e Programas\Git\cmd;c:\Users\Vinicius\AppData\Local\Microsoft\WindowsApps;d:\Arquivos e Programas\Microsoft VS Code\bin;d:\Arquivos e Programas\Programas\Microsoft VS Code\bin;c:\Users\Vinicius\AppData\Roaming\npm;c:\Users\Vinicius\AppData\Local\.meteor\;c:\Program Files\Boot2Docker for Windows;c:\Program Files\Heroku\bin;d:\Arquivos e Programas\Programas\Git\usr\bin;d:\Arquivos e Programas\Programas\Git\usr\share\vim\vim74;c:\cmder\
10 verbose lifecycle modelo-melhoria-node@1.0.0~start: CWD: C:\Users\Vinicius\Documents\Repositorio\modelo-melhoria-node
11 silly lifecycle modelo-melhoria-node@1.0.0~start: Args: [ '/d /s /c', 'npm install && nodemon -L app.js' ]
12 silly lifecycle modelo-melhoria-node@1.0.0~start: Returned: code: 3221225786  signal: null
13 info lifecycle modelo-melhoria-node@1.0.0~start: Failed to exec start script
14 verbose stack Error: modelo-melhoria-node@1.0.0 start: `npm install && nodemon -L app.js`
14 verbose stack Exit status 3221225786
14 verbose stack     at EventEmitter.<anonymous> (d:\Arquivos e Programas\Programas\nodejs\node_modules\npm\lib\utils\lifecycle.js:255:16)
14 verbose stack     at emitTwo (events.js:106:13)
14 verbose stack     at EventEmitter.emit (events.js:191:7)
14 verbose stack     at ChildProcess.<anonymous> (d:\Arquivos e Programas\Programas\nodejs\node_modules\npm\lib\utils\spawn.js:40:14)
14 verbose stack     at emitTwo (events.js:106:13)
14 verbose stack     at ChildProcess.emit (events.js:191:7)
14 verbose stack     at maybeClose (internal/child_process.js:885:16)
14 verbose stack     at Process.ChildProcess._handle.onexit (internal/child_process.js:226:5)
15 verbose pkgid modelo-melhoria-node@1.0.0
16 verbose cwd C:\Users\Vinicius\Documents\Repositorio\modelo-melhoria-node
17 error Windows_NT 10.0.14393
18 error argv "d:\\Arquivos e Programas\\Programas\\nodejs\\node.exe" "d:\\Arquivos e Programas\\Programas\\nodejs\\node_modules\\npm\\bin\\npm-cli.js" "start"
19 error node v7.3.0
20 error npm  v3.10.10
21 error code ELIFECYCLE
22 error modelo-melhoria-node@1.0.0 start: `npm install && nodemon -L app.js`
22 error Exit status 3221225786
23 error Failed at the modelo-melhoria-node@1.0.0 start script 'npm install && nodemon -L app.js'.
23 error Make sure you have the latest version of node.js and npm installed.
23 error If you do, this is most likely a problem with the modelo-melhoria-node package,
23 error not with npm itself.
23 error Tell the author that this fails on your system:
23 error     npm install && nodemon -L app.js
23 error You can get information on how to open an issue for this project with:
23 error     npm bugs modelo-melhoria-node
23 error Or if that isn't available, you can get their info via:
23 error     npm owner ls modelo-melhoria-node
23 error There is likely additional logging output above.
24 verbose exit [ 1, true ]
